{
  "stats": {
    "suites": 10,
    "tests": 19,
    "passes": 6,
    "pending": 0,
    "failures": 13,
    "start": "2021-12-22T15:46:53.504Z",
    "end": "2021-12-22T15:47:04.686Z",
    "duration": 11182,
    "testsRegistered": 19,
    "passPercent": 31.57894736842105,
    "pendingPercent": 0,
    "other": 0,
    "hasOther": false,
    "skipped": 0,
    "hasSkipped": false
  },
  "results": [
    {
      "uuid": "3cfabf08-e837-4fe8-8e4c-f9a8727ef2b4",
      "title": "",
      "fullFile": "",
      "file": "",
      "beforeHooks": [],
      "afterHooks": [],
      "tests": [],
      "suites": [
        {
          "uuid": "e16557fe-9b59-4b95-adf5-41f2bf8884e9",
          "title": "UserBlog Methodes testing",
          "fullFile": "D:\\Backend_Tumblr-4u-main\\test\\test.js",
          "file": "\\test\\test.js",
          "beforeHooks": [],
          "afterHooks": [],
          "tests": [],
          "suites": [
            {
              "uuid": "503c4345-7d3e-49bb-ae76-1dbaa05cac4b",
              "title": "Create Blog Testing",
              "fullFile": "D:\\Backend_Tumblr-4u-main\\test\\test.js",
              "file": "\\test\\test.js",
              "beforeHooks": [],
              "afterHooks": [],
              "tests": [
                {
                  "title": "should create a new blog",
                  "fullTitle": "UserBlog Methodes testing Create Blog Testing should create a new blog",
                  "timedOut": false,
                  "duration": 9571,
                  "state": "passed",
                  "speed": "slow",
                  "pass": true,
                  "fail": false,
                  "pending": false,
                  "context": null,
                  "code": "const req = {\n decoded: {\n    email: 'reem.atala555@gmail.com',\n  },\n  body:\n  {\n    title: 'Engineering',\n    name: 'nour0055',\n    privacy: false,\n  },\n};\nuserFunctions.createBlog(req).then((res) => {\n    expect(res).to.be.a('object');\n    expect(res.name).to.be.eq(req.body.name);\n    done();\n  }).catch(done);",
                  "err": {},
                  "uuid": "52a1b507-d8e6-4ad1-b1cb-262a5870b664",
                  "parentUUID": "503c4345-7d3e-49bb-ae76-1dbaa05cac4b",
                  "isHook": false,
                  "skipped": false
                },
                {
                  "title": "should return false because there is already a blog with the same name",
                  "fullTitle": "UserBlog Methodes testing Create Blog Testing should return false because there is already a blog with the same name",
                  "timedOut": false,
                  "duration": 4,
                  "state": "failed",
                  "speed": null,
                  "pass": false,
                  "fail": true,
                  "pending": false,
                  "context": null,
                  "code": "const req = {\n  params: {\n    userId: '6196d197a31552477d437404',\n  },\n  body:\n  {\n    title: 'Engineering',\n    name: 'nour22',\n    privacy: false,\n  },\n};\nuserFunctions.createBlog(req.params.userId, req.body.title,\n  req.body.name, req.body.privacy, 'password').then((res) => {\n    expect(res).to.be.eq(null);\n    done();\n  }).catch(done);",
                  "err": {
                    "message": "AssertionError: expected undefined to equal null",
                    "estack": "AssertionError: expected undefined to equal null\n    at D:\\Backend_Tumblr-4u-main\\test\\test.js:51:31\n    at processTicksAndRejections (node:internal/process/task_queues:96:5)",
                    "diff": null
                  },
                  "uuid": "2bd7febc-5b09-47eb-be9a-d4d79d650ac6",
                  "parentUUID": "503c4345-7d3e-49bb-ae76-1dbaa05cac4b",
                  "isHook": false,
                  "skipped": false
                }
              ],
              "suites": [],
              "passes": [
                "52a1b507-d8e6-4ad1-b1cb-262a5870b664"
              ],
              "failures": [
                "2bd7febc-5b09-47eb-be9a-d4d79d650ac6"
              ],
              "pending": [],
              "skipped": [],
              "duration": 9575,
              "root": false,
              "rootEmpty": false,
              "_timeout": 100000
            },
            {
              "uuid": "0748715f-71ee-4bf9-b0eb-5f440a4f173a",
              "title": "Delete Blog Testing",
              "fullFile": "D:\\Backend_Tumblr-4u-main\\test\\test.js",
              "file": "\\test\\test.js",
              "beforeHooks": [],
              "afterHooks": [],
              "tests": [
                {
                  "title": "should delete the blog",
                  "fullTitle": "UserBlog Methodes testing Delete Blog Testing should delete the blog",
                  "timedOut": false,
                  "duration": 292,
                  "state": "failed",
                  "speed": null,
                  "pass": false,
                  "fail": true,
                  "pending": false,
                  "context": null,
                  "code": "const req = {\n  params: {\n    userId: '6196d197a31552477d437404',\n  },\n  body:\n  {\n    blogId: '61b51633be867ae625b47fc1',\n  },\n};\nuserFunctions.deleteBlog(req.params.userId, req.body.blogId).then((res) => {\n  expect(res).to.be.a('object');\n  done();\n}).catch(done);",
                  "err": {
                    "message": "AssertionError: expected null to be an object",
                    "estack": "AssertionError: expected null to be an object\n    at D:\\Backend_Tumblr-4u-main\\test\\test.js:68:27\n    at processTicksAndRejections (node:internal/process/task_queues:96:5)",
                    "diff": null
                  },
                  "uuid": "563b8023-cb2c-476a-aba6-955d9e582ecb",
                  "parentUUID": "0748715f-71ee-4bf9-b0eb-5f440a4f173a",
                  "isHook": false,
                  "skipped": false
                },
                {
                  "title": "should return false because there is no blog with the requested id",
                  "fullTitle": "UserBlog Methodes testing Delete Blog Testing should return false because there is no blog with the requested id",
                  "timedOut": false,
                  "duration": 7,
                  "state": "failed",
                  "speed": null,
                  "pass": false,
                  "fail": true,
                  "pending": false,
                  "context": null,
                  "code": "describe('Delete Blog Testing', () => {\n  const req = {\n    params: {\n      userId: '6196d197a31552477d437404',\n    },\n    body:\n    {\n      blogId: '61b3b9e9ae2911b440a03a35c',\n    },\n  };\n  userFunctions.deleteBlog(req.params.userId, req.body.blogId)\n    .then((res) => {\n      expect(res).to.be.eq(null);\n      done();\n    }).catch(done);\n});",
                  "err": {
                    "message": "AssertionError: expected undefined to equal null",
                    "estack": "AssertionError: expected undefined to equal null\n    at D:\\Backend_Tumblr-4u-main\\test\\test.js:86:33\n    at processTicksAndRejections (node:internal/process/task_queues:96:5)",
                    "diff": null
                  },
                  "uuid": "9978faab-550c-4b40-b359-1c97e26b3c87",
                  "parentUUID": "0748715f-71ee-4bf9-b0eb-5f440a4f173a",
                  "isHook": false,
                  "skipped": false
                }
              ],
              "suites": [],
              "passes": [],
              "failures": [
                "563b8023-cb2c-476a-aba6-955d9e582ecb",
                "9978faab-550c-4b40-b359-1c97e26b3c87"
              ],
              "pending": [],
              "skipped": [],
              "duration": 299,
              "root": false,
              "rootEmpty": false,
              "_timeout": 100000
            },
            {
              "uuid": "b8ba0568-a15f-4cef-a702-52cd817c881c",
              "title": "Retrieve Blog Testing",
              "fullFile": "D:\\Backend_Tumblr-4u-main\\test\\test.js",
              "file": "\\test\\test.js",
              "beforeHooks": [],
              "afterHooks": [],
              "tests": [
                {
                  "title": "should retrieve all the blog info given its name",
                  "fullTitle": "UserBlog Methodes testing Retrieve Blog Testing should retrieve all the blog info given its name",
                  "timedOut": false,
                  "duration": 2,
                  "state": "failed",
                  "speed": null,
                  "pass": false,
                  "fail": true,
                  "pending": false,
                  "context": null,
                  "code": "const req = {\n  params: {\n    blogName: 'nour',\n  },\n};\nblogFunctions.retrieveBlog(req.params.blogName).then((res) => {\n  expect(res).to.be.a('object');\n  expect(res.title).to.be.eq('nour');\n  done();\n}).catch(done);",
                  "err": {
                    "message": "AssertionError: expected undefined to be an object",
                    "estack": "AssertionError: expected undefined to be an object\n    at D:\\Backend_Tumblr-4u-main\\test\\test.js:100:27\n    at processTicksAndRejections (node:internal/process/task_queues:96:5)",
                    "diff": null
                  },
                  "uuid": "483ee201-8fd0-4ac2-af67-4e6749ab28cd",
                  "parentUUID": "b8ba0568-a15f-4cef-a702-52cd817c881c",
                  "isHook": false,
                  "skipped": false
                },
                {
                  "title": "should return null as there is no blog with the given name",
                  "fullTitle": "UserBlog Methodes testing Retrieve Blog Testing should return null as there is no blog with the given name",
                  "timedOut": false,
                  "duration": 2,
                  "state": "failed",
                  "speed": null,
                  "pass": false,
                  "fail": true,
                  "pending": false,
                  "context": null,
                  "code": "const req = {\n  params: {\n    blogName: 'nour123',\n  },\n};\nblogFunctions.retrieveBlog(req.params.blogName).then((res) => {\n  expect(res).to.be.eq(null);\n  done();\n}).catch(done);",
                  "err": {
                    "message": "AssertionError: expected undefined to equal null",
                    "estack": "AssertionError: expected undefined to equal null\n    at D:\\Backend_Tumblr-4u-main\\test\\test.js:112:27\n    at processTicksAndRejections (node:internal/process/task_queues:96:5)",
                    "diff": null
                  },
                  "uuid": "a8374fde-933d-4721-8470-7c53f5d39de9",
                  "parentUUID": "b8ba0568-a15f-4cef-a702-52cd817c881c",
                  "isHook": false,
                  "skipped": false
                }
              ],
              "suites": [],
              "passes": [],
              "failures": [
                "483ee201-8fd0-4ac2-af67-4e6749ab28cd",
                "a8374fde-933d-4721-8470-7c53f5d39de9"
              ],
              "pending": [],
              "skipped": [],
              "duration": 4,
              "root": false,
              "rootEmpty": false,
              "_timeout": 100000
            },
            {
              "uuid": "324654c4-d212-488e-84e2-42af2f9071fe",
              "title": "Edit Blog Testing",
              "fullFile": "D:\\Backend_Tumblr-4u-main\\test\\test.js",
              "file": "\\test\\test.js",
              "beforeHooks": [],
              "afterHooks": [],
              "tests": [
                {
                  "title": "should edit the blog and return object",
                  "fullTitle": "UserBlog Methodes testing Edit Blog Testing should edit the blog and return object",
                  "timedOut": false,
                  "duration": 146,
                  "state": "passed",
                  "speed": "slow",
                  "pass": true,
                  "fail": false,
                  "pending": false,
                  "context": null,
                  "code": "const req = {\n  params: {\n    blogId: '61b33c94c4bab40beeb82b6f',\n  },\n  body: {\n    title: 'noor',\n    avatar: 'avatar.jpg',\n    accent: 'red',\n    description: 'This is my Blog',\n  },\n};\nblogFunctions.editBlog(req).then((res) => {\n  expect(res).to.be.a('object');\n  expect(res.title).to.be.eq('noor');\n  expect(res.avatar).to.be.eq('avatar.jpg');\n  expect(res.accent).to.be.eq('red');\n  expect(res.description).to.be.eq('This is my Blog');\n  done();\n}).catch(done);",
                  "err": {},
                  "uuid": "cc430dde-7093-47b4-b6b2-a3e841e654a6",
                  "parentUUID": "324654c4-d212-488e-84e2-42af2f9071fe",
                  "isHook": false,
                  "skipped": false
                },
                {
                  "title": "should return a message as there is another blog with that name",
                  "fullTitle": "UserBlog Methodes testing Edit Blog Testing should return a message as there is another blog with that name",
                  "timedOut": false,
                  "duration": 344,
                  "state": "passed",
                  "speed": "slow",
                  "pass": true,
                  "fail": false,
                  "pending": false,
                  "context": null,
                  "code": "const req = {\n  params: {\n    blogId: '61b33c94c4bab40beeb82b6f',\n  },\n  body: {\n    name: 'nour',\n  },\n};\nblogFunctions.editBlog(req).then((res) => {\n  expect(res).to.be.eq('URL is not available');\n  done();\n}).catch(done);",
                  "err": {},
                  "uuid": "82a402a8-8c44-48b8-a6af-4ffa4178477a",
                  "parentUUID": "324654c4-d212-488e-84e2-42af2f9071fe",
                  "isHook": false,
                  "skipped": false
                },
                {
                  "title": "should return null as there is no a blog with the given id",
                  "fullTitle": "UserBlog Methodes testing Edit Blog Testing should return null as there is no a blog with the given id",
                  "timedOut": false,
                  "duration": 139,
                  "state": "passed",
                  "speed": "slow",
                  "pass": true,
                  "fail": false,
                  "pending": false,
                  "context": null,
                  "code": "const req = {\n  params: {\n    blogId: '61b33c94c4bab40bee182b6f',\n  },\n  body: {\n    name: 'nour',\n  },\n};\nblogFunctions.editBlog(req).then((res) => {\n  expect(res).to.be.eq(null);\n  done();\n}).catch(done);",
                  "err": {},
                  "uuid": "f1b2c7ea-5617-49c5-9a8a-06ca175a5223",
                  "parentUUID": "324654c4-d212-488e-84e2-42af2f9071fe",
                  "isHook": false,
                  "skipped": false
                }
              ],
              "suites": [],
              "passes": [
                "cc430dde-7093-47b4-b6b2-a3e841e654a6",
                "82a402a8-8c44-48b8-a6af-4ffa4178477a",
                "f1b2c7ea-5617-49c5-9a8a-06ca175a5223"
              ],
              "failures": [],
              "pending": [],
              "skipped": [],
              "duration": 629,
              "root": false,
              "rootEmpty": false,
              "_timeout": 100000
            },
            {
              "uuid": "ab000d8e-d93a-4a31-b978-bf5f957eee02",
              "title": "Follow Blog Testing",
              "fullFile": "D:\\Backend_Tumblr-4u-main\\test\\test.js",
              "file": "\\test\\test.js",
              "beforeHooks": [],
              "afterHooks": [],
              "tests": [
                {
                  "title": "should return object of the followed blog",
                  "fullTitle": "UserBlog Methodes testing Follow Blog Testing should return object of the followed blog",
                  "timedOut": false,
                  "duration": 1,
                  "state": "failed",
                  "speed": null,
                  "pass": false,
                  "fail": true,
                  "pending": false,
                  "context": null,
                  "code": "const req = {\n  params: {\n    userId: '6196d197a31552477d437404',\n  },\n  body: {\n    blogId: '619957113df6b45019c42d06',\n  },\n};\nuserFunctions.followBlog(req).then((res) => {\n  expect(res).to.be.a('object');\n  done();\n}).catch(done);",
                  "err": {
                    "message": "AssertionError: expected undefined to be an object",
                    "estack": "AssertionError: expected undefined to be an object\n    at D:\\Backend_Tumblr-4u-main\\test\\test.js:181:27\n    at processTicksAndRejections (node:internal/process/task_queues:96:5)",
                    "diff": null
                  },
                  "uuid": "3e689bdc-12aa-4d4d-9614-3c4ff6005903",
                  "parentUUID": "ab000d8e-d93a-4a31-b978-bf5f957eee02",
                  "isHook": false,
                  "skipped": false
                },
                {
                  "title": "should return null as there is no a blog with the given id",
                  "fullTitle": "UserBlog Methodes testing Follow Blog Testing should return null as there is no a blog with the given id",
                  "timedOut": false,
                  "duration": 2,
                  "state": "failed",
                  "speed": null,
                  "pass": false,
                  "fail": true,
                  "pending": false,
                  "context": null,
                  "code": "const req = {\n  params: {\n    userId: '6196d197a31552477d437404',\n  },\n  body: {\n    blogId: '619957913df6b45019c42d06',\n  },\n};\nuserFunctions.followBlog(req).then((res) => {\n  expect(res).to.be.eq(null);\n  done();\n}).catch(done);",
                  "err": {
                    "message": "AssertionError: expected undefined to equal null",
                    "estack": "AssertionError: expected undefined to equal null\n    at D:\\Backend_Tumblr-4u-main\\test\\test.js:196:27\n    at processTicksAndRejections (node:internal/process/task_queues:96:5)",
                    "diff": null
                  },
                  "uuid": "172083ab-4a32-42ee-b5a4-861a4d6613ef",
                  "parentUUID": "ab000d8e-d93a-4a31-b978-bf5f957eee02",
                  "isHook": false,
                  "skipped": false
                }
              ],
              "suites": [],
              "passes": [],
              "failures": [
                "3e689bdc-12aa-4d4d-9614-3c4ff6005903",
                "172083ab-4a32-42ee-b5a4-861a4d6613ef"
              ],
              "pending": [],
              "skipped": [],
              "duration": 3,
              "root": false,
              "rootEmpty": false,
              "_timeout": 100000
            },
            {
              "uuid": "9be6bdfa-1897-4369-b9eb-d2bf0d76c24d",
              "title": "Follow Blog Testing",
              "fullFile": "D:\\Backend_Tumblr-4u-main\\test\\test.js",
              "file": "\\test\\test.js",
              "beforeHooks": [],
              "afterHooks": [],
              "tests": [
                {
                  "title": "should return object of the unfollowed blog",
                  "fullTitle": "UserBlog Methodes testing Follow Blog Testing should return object of the unfollowed blog",
                  "timedOut": false,
                  "duration": 2,
                  "state": "failed",
                  "speed": null,
                  "pass": false,
                  "fail": true,
                  "pending": false,
                  "context": null,
                  "code": "const req = {\n  params: {\n    userId: '6196d197a31552477d437404',\n  },\n  body: {\n    blogId: '619957113df6b45019c42d06',\n  },\n};\nuserFunctions.unfollowBlog(req).then((res) => {\n  expect(res).to.be.a('object');\n  done();\n}).catch(done);",
                  "err": {
                    "message": "AssertionError: expected undefined to be an object",
                    "estack": "AssertionError: expected undefined to be an object\n    at D:\\Backend_Tumblr-4u-main\\test\\test.js:213:27\n    at processTicksAndRejections (node:internal/process/task_queues:96:5)",
                    "diff": null
                  },
                  "uuid": "a1112581-0464-4ec8-ac80-f7b4bbfd551b",
                  "parentUUID": "9be6bdfa-1897-4369-b9eb-d2bf0d76c24d",
                  "isHook": false,
                  "skipped": false
                },
                {
                  "title": "should return null as there is no a blog with the given id",
                  "fullTitle": "UserBlog Methodes testing Follow Blog Testing should return null as there is no a blog with the given id",
                  "timedOut": false,
                  "duration": 1,
                  "state": "failed",
                  "speed": null,
                  "pass": false,
                  "fail": true,
                  "pending": false,
                  "context": null,
                  "code": "const req = {\n  params: {\n    userId: '6196d197a31552477d437404',\n  },\n  body: {\n    blogId: '619957913df6b45019c42d06',\n  },\n};\nuserFunctions.unfollowBlog(req).then((res) => {\n  expect(res).to.be.eq(null);\n  done();\n}).catch(done);",
                  "err": {
                    "message": "AssertionError: expected undefined to equal null",
                    "estack": "AssertionError: expected undefined to equal null\n    at D:\\Backend_Tumblr-4u-main\\test\\test.js:228:27\n    at processTicksAndRejections (node:internal/process/task_queues:96:5)",
                    "diff": null
                  },
                  "uuid": "e82dd3b6-a612-420a-8361-5546b600db7d",
                  "parentUUID": "9be6bdfa-1897-4369-b9eb-d2bf0d76c24d",
                  "isHook": false,
                  "skipped": false
                }
              ],
              "suites": [],
              "passes": [],
              "failures": [
                "a1112581-0464-4ec8-ac80-f7b4bbfd551b",
                "e82dd3b6-a612-420a-8361-5546b600db7d"
              ],
              "pending": [],
              "skipped": [],
              "duration": 3,
              "root": false,
              "rootEmpty": false,
              "_timeout": 100000
            },
            {
              "uuid": "2ce9efa1-6224-4b6e-9815-bea28069ca45",
              "title": "Unfollow Blog Testing",
              "fullFile": "D:\\Backend_Tumblr-4u-main\\test\\test.js",
              "file": "\\test\\test.js",
              "beforeHooks": [],
              "afterHooks": [],
              "tests": [
                {
                  "title": "should return object of the unfollowed blog",
                  "fullTitle": "UserBlog Methodes testing Unfollow Blog Testing should return object of the unfollowed blog",
                  "timedOut": false,
                  "duration": 1,
                  "state": "failed",
                  "speed": null,
                  "pass": false,
                  "fail": true,
                  "pending": false,
                  "context": null,
                  "code": "const req = {\n  params: {\n    userId: '6196d197a31552477d437404',\n  },\n  body: {\n    blogId: '619957113df6b45019c42d06',\n  },\n};\nuserFunctions.unfollowBlog(req).then((res) => {\n  expect(res).to.be.a('object');\n  done();\n}).catch(done);",
                  "err": {
                    "message": "AssertionError: expected undefined to be an object",
                    "estack": "AssertionError: expected undefined to be an object\n    at D:\\Backend_Tumblr-4u-main\\test\\test.js:245:27\n    at processTicksAndRejections (node:internal/process/task_queues:96:5)",
                    "diff": null
                  },
                  "uuid": "c50b9e2b-5deb-4ff7-abbd-c0d5421e9058",
                  "parentUUID": "2ce9efa1-6224-4b6e-9815-bea28069ca45",
                  "isHook": false,
                  "skipped": false
                },
                {
                  "title": "should return null as there is no a blog with the given id",
                  "fullTitle": "UserBlog Methodes testing Unfollow Blog Testing should return null as there is no a blog with the given id",
                  "timedOut": false,
                  "duration": 1,
                  "state": "failed",
                  "speed": null,
                  "pass": false,
                  "fail": true,
                  "pending": false,
                  "context": null,
                  "code": "const req = {\n  params: {\n    userId: '6196d197a31552477d437404',\n  },\n  body: {\n    blogId: '619957913df6b45019c42d06',\n  },\n};\nuserFunctions.unfollowBlog(req).then((res) => {\n  expect(res).to.be.eq(null);\n  done();\n}).catch(done);",
                  "err": {
                    "message": "AssertionError: expected undefined to equal null",
                    "estack": "AssertionError: expected undefined to equal null\n    at D:\\Backend_Tumblr-4u-main\\test\\test.js:260:27\n    at processTicksAndRejections (node:internal/process/task_queues:96:5)",
                    "diff": null
                  },
                  "uuid": "73ac6119-dc94-41a8-ac5a-de313d044899",
                  "parentUUID": "2ce9efa1-6224-4b6e-9815-bea28069ca45",
                  "isHook": false,
                  "skipped": false
                }
              ],
              "suites": [],
              "passes": [],
              "failures": [
                "c50b9e2b-5deb-4ff7-abbd-c0d5421e9058",
                "73ac6119-dc94-41a8-ac5a-de313d044899"
              ],
              "pending": [],
              "skipped": [],
              "duration": 2,
              "root": false,
              "rootEmpty": false,
              "_timeout": 100000
            },
            {
              "uuid": "910dfadc-2e19-47e5-bbb2-9d649dff636e",
              "title": "Block Blog Testing",
              "fullFile": "D:\\Backend_Tumblr-4u-main\\test\\test.js",
              "file": "\\test\\test.js",
              "beforeHooks": [],
              "afterHooks": [],
              "tests": [
                {
                  "title": "should return object of the blocked blog",
                  "fullTitle": "UserBlog Methodes testing Block Blog Testing should return object of the blocked blog",
                  "timedOut": false,
                  "duration": 139,
                  "state": "failed",
                  "speed": null,
                  "pass": false,
                  "fail": true,
                  "pending": false,
                  "context": null,
                  "code": "const req = {\n  params: {\n    blogId: '61b3724efad9ac6d6c719f58',\n  },\n  body: {\n    blockedBlogId: '619957113df6b45019c42d06',\n  },\n};\nblogFunctions.blockBlog(req).then((res) => {\n  expect(res).to.be.a('object');\n  done();\n}).catch(done);",
                  "err": {
                    "message": "AssertionError: expected null to be an object",
                    "estack": "AssertionError: expected null to be an object\n    at D:\\Backend_Tumblr-4u-main\\test\\test.js:278:27\n    at processTicksAndRejections (node:internal/process/task_queues:96:5)",
                    "diff": null
                  },
                  "uuid": "288cb3df-9280-45c9-9f76-0510c7fe77f2",
                  "parentUUID": "910dfadc-2e19-47e5-bbb2-9d649dff636e",
                  "isHook": false,
                  "skipped": false
                },
                {
                  "title": "should return null as there is no a blog with the given id",
                  "fullTitle": "UserBlog Methodes testing Block Blog Testing should return null as there is no a blog with the given id",
                  "timedOut": false,
                  "duration": 144,
                  "state": "passed",
                  "speed": "slow",
                  "pass": true,
                  "fail": false,
                  "pending": false,
                  "context": null,
                  "code": "const req = {\n  params: {\n    blogId: '61b3724efad9ac6d6c719f58',\n  },\n  body: {\n    blockedBlogId: '619938113df6b45019c42d06',\n  },\n};\nblogFunctions.blockBlog(req).then((res) => {\n  expect(res).to.be.eq(null);\n  done();\n}).catch(done);",
                  "err": {},
                  "uuid": "45d3d250-3df1-4956-97b7-72b3321912df",
                  "parentUUID": "910dfadc-2e19-47e5-bbb2-9d649dff636e",
                  "isHook": false,
                  "skipped": false
                }
              ],
              "suites": [],
              "passes": [
                "45d3d250-3df1-4956-97b7-72b3321912df"
              ],
              "failures": [
                "288cb3df-9280-45c9-9f76-0510c7fe77f2"
              ],
              "pending": [],
              "skipped": [],
              "duration": 283,
              "root": false,
              "rootEmpty": false,
              "_timeout": 100000
            },
            {
              "uuid": "3857ce37-046a-4a52-9cf8-e72856ce615d",
              "title": "Unblock Blog Testing",
              "fullFile": "D:\\Backend_Tumblr-4u-main\\test\\test.js",
              "file": "\\test\\test.js",
              "beforeHooks": [],
              "afterHooks": [],
              "tests": [
                {
                  "title": "should return object of the unblocked blog",
                  "fullTitle": "UserBlog Methodes testing Unblock Blog Testing should return object of the unblocked blog",
                  "timedOut": false,
                  "duration": 142,
                  "state": "failed",
                  "speed": null,
                  "pass": false,
                  "fail": true,
                  "pending": false,
                  "context": null,
                  "code": "const req = {\n  params: {\n    blogId: '61b3724efad9ac6d6c719f58',\n  },\n  body: {\n    unblockedBlogId: '619957113df6b45019c42d06',\n  },\n};\nblogFunctions.unblockBlog(req).then((res) => {\n  expect(res).to.be.a('object');\n  done();\n}).catch(done);",
                  "err": {
                    "message": "AssertionError: expected null to be an object",
                    "estack": "AssertionError: expected null to be an object\n    at D:\\Backend_Tumblr-4u-main\\test\\test.js:312:27\n    at processTicksAndRejections (node:internal/process/task_queues:96:5)",
                    "diff": null
                  },
                  "uuid": "43a73280-122e-4407-9d84-e722d0db81b2",
                  "parentUUID": "3857ce37-046a-4a52-9cf8-e72856ce615d",
                  "isHook": false,
                  "skipped": false
                },
                {
                  "title": "should return null as there is no a blog with the given id",
                  "fullTitle": "UserBlog Methodes testing Unblock Blog Testing should return null as there is no a blog with the given id",
                  "timedOut": false,
                  "duration": 137,
                  "state": "passed",
                  "speed": "slow",
                  "pass": true,
                  "fail": false,
                  "pending": false,
                  "context": null,
                  "code": "const req = {\n  params: {\n    blogId: '61b3724efad9ac6d6c719f58',\n  },\n  body: {\n    unblockedBlogId: '619938113df6b45019c42d06',\n  },\n};\nblogFunctions.unblockBlog(req).then((res) => {\n  expect(res).to.be.eq(null);\n  done();\n}).catch(done);",
                  "err": {},
                  "uuid": "1f01d381-2554-4fba-a937-b88b8e459f60",
                  "parentUUID": "3857ce37-046a-4a52-9cf8-e72856ce615d",
                  "isHook": false,
                  "skipped": false
                }
              ],
              "suites": [],
              "passes": [
                "1f01d381-2554-4fba-a937-b88b8e459f60"
              ],
              "failures": [
                "43a73280-122e-4407-9d84-e722d0db81b2"
              ],
              "pending": [],
              "skipped": [],
              "duration": 279,
              "root": false,
              "rootEmpty": false,
              "_timeout": 100000
            }
          ],
          "passes": [],
          "failures": [],
          "pending": [],
          "skipped": [],
          "duration": 0,
          "root": false,
          "rootEmpty": false,
          "_timeout": 100000
        }
      ],
      "passes": [],
      "failures": [],
      "pending": [],
      "skipped": [],
      "duration": 0,
      "root": true,
      "rootEmpty": true,
      "_timeout": 100000
    }
  ],
  "meta": {
    "mocha": {
      "version": "9.1.3"
    },
    "mochawesome": {
      "options": {
        "quiet": false,
        "reportFilename": "Test_Report",
        "saveHtml": true,
        "saveJson": true,
        "consoleReporter": "spec",
        "useInlineDiffs": false,
        "code": true
      },
      "version": "7.0.1"
    },
    "marge": {
      "options": {
        "reportDir": "Report",
        "reportFilename": "Test_Report"
      },
      "version": "6.0.1"
    }
  }
}