{
  "stats": {
    "suites": 3,
    "tests": 4,
    "passes": 4,
    "pending": 0,
    "failures": 0,
    "start": "2021-12-07T22:44:33.720Z",
    "end": "2021-12-07T22:44:37.849Z",
    "duration": 4129,
    "testsRegistered": 4,
    "passPercent": 100,
    "pendingPercent": 0,
    "other": 0,
    "hasOther": false,
    "skipped": 0,
    "hasSkipped": false
  },
  "results": [
    {
      "uuid": "dbfd84bb-0f59-4722-b749-3055334fd302",
      "title": "",
      "fullFile": "",
      "file": "",
      "beforeHooks": [],
      "afterHooks": [],
      "tests": [],
      "suites": [
        {
          "uuid": "defa53d4-1282-492c-a4ee-46a1866b44e9",
          "title": "User Methods",
          "fullFile": "D:\\Backend_Tumblr-4u-main\\test\\userBlogTest.js",
          "file": "\\test\\userBlogTest.js",
          "beforeHooks": [],
          "afterHooks": [],
          "tests": [],
          "suites": [
            {
              "uuid": "84457c91-6d07-419d-b335-c2ac24de0d1e",
              "title": "User creates a blog",
              "fullFile": "D:\\Backend_Tumblr-4u-main\\test\\userBlogTest.js",
              "file": "\\test\\userBlogTest.js",
              "beforeHooks": [],
              "afterHooks": [],
              "tests": [
                {
                  "title": "It should create a new blog and put its id in the blogsId array of the user",
                  "fullTitle": "User Methods User creates a blog It should create a new blog and put its id in the blogsId array of the user",
                  "timedOut": false,
                  "duration": 3628,
                  "state": "passed",
                  "speed": "slow",
                  "pass": true,
                  "fail": false,
                  "pending": false,
                  "context": null,
                  "code": "const blog= {\n  title: 'nour',\n  url: 'queennour22.tumbler.com',\n  privacy: true,\n  password: '12345',\n};\nchai\n    .request(server)\n    .get('/user/new/blog/6196b940183995d4cc1198c2')\n    .send(blog)\n    .end((err, res) => {\n      res.should.have.status(201);\n      res.body.should.be.a('object');\n      res.body.should.have.property('res')\n          .have.property('message')\n          .eq('Blog Created Successfully');\n      done();\n    });",
                  "err": {},
                  "uuid": "941a79d6-4ada-41a4-a4bc-73d1eb25efe0",
                  "parentUUID": "84457c91-6d07-419d-b335-c2ac24de0d1e",
                  "isHook": false,
                  "skipped": false
                },
                {
                  "title": "It finds another blog with the same url and returns url not available",
                  "fullTitle": "User Methods User creates a blog It finds another blog with the same url and returns url not available",
                  "timedOut": false,
                  "duration": 154,
                  "state": "passed",
                  "speed": "slow",
                  "pass": true,
                  "fail": false,
                  "pending": false,
                  "context": null,
                  "code": "const blog= {\n  title: 'nour',\n  url: 'nour.tumblr.com',\n  privacy: true,\n  password: '12345',\n};\nchai\n    .request(server)\n    .get('/user/new/blog/619695c9bf5e722b10e141c2')\n    .send(blog)\n    .end((err, res) => {\n      res.should.have.status(400);\n      res.body.should.be.a('object');\n      res.body.should.have.property('res')\n          .have.property('message')\n          .eq('URL is not available');\n      done();\n    });",
                  "err": {},
                  "uuid": "139a27e7-9a7f-4212-889a-591d31fbd6e5",
                  "parentUUID": "84457c91-6d07-419d-b335-c2ac24de0d1e",
                  "isHook": false,
                  "skipped": false
                }
              ],
              "suites": [],
              "passes": [
                "941a79d6-4ada-41a4-a4bc-73d1eb25efe0",
                "139a27e7-9a7f-4212-889a-591d31fbd6e5"
              ],
              "failures": [],
              "pending": [],
              "skipped": [],
              "duration": 3782,
              "root": false,
              "rootEmpty": false,
              "_timeout": 100000
            },
            {
              "uuid": "f5370efd-c9ba-43d3-9b45-9a10c43a31d7",
              "title": "User retrieves a blog",
              "fullFile": "D:\\Backend_Tumblr-4u-main\\test\\userBlogTest.js",
              "file": "\\test\\userBlogTest.js",
              "beforeHooks": [],
              "afterHooks": [],
              "tests": [
                {
                  "title": "It should retrieve a blog ",
                  "fullTitle": "User Methods User retrieves a blog It should retrieve a blog ",
                  "timedOut": false,
                  "duration": 169,
                  "state": "passed",
                  "speed": "slow",
                  "pass": true,
                  "fail": false,
                  "pending": false,
                  "context": null,
                  "code": "const blogId= {\n  blogId: '61ae81b91b9ee885f03a6866',\n};\nchai\n    .request(server)\n    .get('/user/retrieve/blog/619695c9bf5e722b10e141c2')\n    .send(blogId)\n    .end((err, res) => {\n      res.should.have.status(200);\n      res.body.should.be.a('object');\n      res.body.should.have.property('url')\n          .eq('nour.tumblr.com');\n      done();\n    });",
                  "err": {},
                  "uuid": "58b3a6ae-ca2f-4956-8a25-1ad556e25572",
                  "parentUUID": "f5370efd-c9ba-43d3-9b45-9a10c43a31d7",
                  "isHook": false,
                  "skipped": false
                },
                {
                  "title": "It doesn't find the blog and returns blog not found",
                  "fullTitle": "User Methods User retrieves a blog It doesn't find the blog and returns blog not found",
                  "timedOut": false,
                  "duration": 153,
                  "state": "passed",
                  "speed": "slow",
                  "pass": true,
                  "fail": false,
                  "pending": false,
                  "context": null,
                  "code": "const blogId= {\n  blogId: '61ae81b91b9ee885f03a6876',\n};\nchai\n    .request(server)\n    .get('/user/retrieve/blog/619695c9bf5e722b10e141c2')\n    .send(blogId)\n    .end((err, res) => {\n      res.should.have.status(404);\n      res.body.should.be.a('object');\n      res.body.should.have.property('res')\n          .have.property('message')\n          .eq('Blog Not FOUND');\n      done();\n    });",
                  "err": {},
                  "uuid": "7945e2b4-fc20-41d2-83cc-ac35c2418ff5",
                  "parentUUID": "f5370efd-c9ba-43d3-9b45-9a10c43a31d7",
                  "isHook": false,
                  "skipped": false
                }
              ],
              "suites": [],
              "passes": [
                "58b3a6ae-ca2f-4956-8a25-1ad556e25572",
                "7945e2b4-fc20-41d2-83cc-ac35c2418ff5"
              ],
              "failures": [],
              "pending": [],
              "skipped": [],
              "duration": 322,
              "root": false,
              "rootEmpty": false,
              "_timeout": 100000
            }
          ],
          "passes": [],
          "failures": [],
          "pending": [],
          "skipped": [],
          "duration": 0,
          "root": false,
          "rootEmpty": false,
          "_timeout": 100000
        }
      ],
      "passes": [],
      "failures": [],
      "pending": [],
      "skipped": [],
      "duration": 0,
      "root": true,
      "rootEmpty": true,
      "_timeout": 100000
    }
  ],
  "meta": {
    "mocha": {
      "version": "9.1.3"
    },
    "mochawesome": {
      "options": {
        "quiet": false,
        "reportFilename": "Test_Report",
        "saveHtml": true,
        "saveJson": true,
        "consoleReporter": "spec",
        "useInlineDiffs": false,
        "code": true
      },
      "version": "7.0.1"
    },
    "marge": {
      "options": {
        "reportDir": "Report",
        "reportFilename": "Test_Report"
      },
      "version": "6.0.1"
    }
  }
}