{
  "stats": {
    "suites": 5,
    "tests": 9,
    "passes": 9,
    "pending": 0,
    "failures": 0,
    "start": "2021-12-10T22:43:39.764Z",
    "end": "2021-12-10T22:43:58.572Z",
    "duration": 18808,
    "testsRegistered": 9,
    "passPercent": 100,
    "pendingPercent": 0,
    "other": 0,
    "hasOther": false,
    "skipped": 0,
    "hasSkipped": false
  },
  "results": [
    {
      "uuid": "77d2bdc8-f0bd-4769-9292-c72f898cd948",
      "title": "",
      "fullFile": "",
      "file": "",
      "beforeHooks": [],
      "afterHooks": [],
      "tests": [],
      "suites": [
        {
          "uuid": "eb0b05d3-3caf-4232-b102-9b26224c40c4",
          "title": "UserBlog Methodes testing",
          "fullFile": "D:\\project\\Backend_Tumblr-4u-main\\test\\test.js",
          "file": "\\test\\test.js",
          "beforeHooks": [],
          "afterHooks": [],
          "tests": [],
          "suites": [
            {
              "uuid": "2b9d13f7-f33f-4a61-8ca2-7545128aadb9",
              "title": "Create Blog Testing",
              "fullFile": "D:\\project\\Backend_Tumblr-4u-main\\test\\test.js",
              "file": "\\test\\test.js",
              "beforeHooks": [],
              "afterHooks": [],
              "tests": [
                {
                  "title": "should create a new blog",
                  "fullTitle": "UserBlog Methodes testing Create Blog Testing should create a new blog",
                  "timedOut": false,
                  "duration": 3644,
                  "state": "passed",
                  "speed": "slow",
                  "pass": true,
                  "fail": false,
                  "pending": false,
                  "context": null,
                  "code": "const req={\n  params: {\n    userId: '6196d197a31552477d437404',\n  },\n  body:\n   {\n     title: 'Engineering',\n     name: 'rawaa88',\n     privacy: false,\n   },\n};\ncreateBlog(req.params.userId, req.body.title, req.body.name,\n    req.body.privacy, 'password').then((res)=>{\n  expect(res).to.be.a('object');\n  done();\n}).catch(done);",
                  "err": {},
                  "uuid": "6eda9f85-cdf5-4537-8f4a-a741a9cf5fb5",
                  "parentUUID": "2b9d13f7-f33f-4a61-8ca2-7545128aadb9",
                  "isHook": false,
                  "skipped": false
                },
                {
                  "title": "should return false because there is already a blog with the same name",
                  "fullTitle": "UserBlog Methodes testing Create Blog Testing should return false because there is already a blog with the same name",
                  "timedOut": false,
                  "duration": 162,
                  "state": "passed",
                  "speed": "slow",
                  "pass": true,
                  "fail": false,
                  "pending": false,
                  "context": null,
                  "code": "const req={\n  params: {\n    userId: '6196d197a31552477d437404',\n  },\n  body:\n   {\n     title: 'Engineering',\n     name: 'nour22',\n     privacy: false,\n   },\n};\ncreateBlog(req.params.userId, req.body.title, req.body.name,\n    req.body.privacy, 'password').then((res)=>{\n  expect(res).to.be.eq(null);\n  done();\n}).catch(done);",
                  "err": {},
                  "uuid": "16a06f7c-d5e0-4c3e-85b7-ad24f528e70b",
                  "parentUUID": "2b9d13f7-f33f-4a61-8ca2-7545128aadb9",
                  "isHook": false,
                  "skipped": false
                }
              ],
              "suites": [],
              "passes": [
                "6eda9f85-cdf5-4537-8f4a-a741a9cf5fb5",
                "16a06f7c-d5e0-4c3e-85b7-ad24f528e70b"
              ],
              "failures": [],
              "pending": [],
              "skipped": [],
              "duration": 3806,
              "root": false,
              "rootEmpty": false,
              "_timeout": 100000
            },
            {
              "uuid": "8710534e-4ac0-4974-b3d2-833d0f4ad4b3",
              "title": "Delete Blog Testing",
              "fullFile": "D:\\project\\Backend_Tumblr-4u-main\\test\\test.js",
              "file": "\\test\\test.js",
              "beforeHooks": [],
              "afterHooks": [],
              "tests": [
                {
                  "title": "should delete the blog",
                  "fullTitle": "UserBlog Methodes testing Delete Blog Testing should delete the blog",
                  "timedOut": false,
                  "duration": 14060,
                  "state": "passed",
                  "speed": "slow",
                  "pass": true,
                  "fail": false,
                  "pending": false,
                  "context": null,
                  "code": "const req={\n  params: {\n    userId: '6196d197a31552477d437404',\n  },\n  body:\n     {\n       blogId: '61b3c50e77921393a8bebb84',\n     },\n};\ndeleteBlog(req.params.userId, req.body.blogId).then((res)=>{\n  expect(res).to.be.a('object');\n  done();\n}).catch(done);",
                  "err": {},
                  "uuid": "a0894c09-7cc5-4bbc-9d6f-16affac69ddc",
                  "parentUUID": "8710534e-4ac0-4974-b3d2-833d0f4ad4b3",
                  "isHook": false,
                  "skipped": false
                },
                {
                  "title": "should return false because there is no blog with the requested id",
                  "fullTitle": "UserBlog Methodes testing Delete Blog Testing should return false because there is no blog with the requested id",
                  "timedOut": false,
                  "duration": 6,
                  "state": "passed",
                  "speed": "fast",
                  "pass": true,
                  "fail": false,
                  "pending": false,
                  "context": null,
                  "code": "describe('Delete Blog Testing', ()=>{\n  const req={\n    params: {\n      userId: '6196d197a31552477d437404',\n    },\n    body:\n     {\n       blogId: '61b3b9e9ae2911b440a03a35c',\n     },\n  };\n  deleteBlog(req.params.userId, req.body.blogId).then((res)=>{\n    expect(res).to.be.eq(null);\n    done();\n  }).catch(done);\n});",
                  "err": {},
                  "uuid": "5fe13255-4cdb-4017-84d8-8d0dc77046ae",
                  "parentUUID": "8710534e-4ac0-4974-b3d2-833d0f4ad4b3",
                  "isHook": false,
                  "skipped": false
                }
              ],
              "suites": [],
              "passes": [
                "a0894c09-7cc5-4bbc-9d6f-16affac69ddc",
                "5fe13255-4cdb-4017-84d8-8d0dc77046ae"
              ],
              "failures": [],
              "pending": [],
              "skipped": [],
              "duration": 14066,
              "root": false,
              "rootEmpty": false,
              "_timeout": 100000
            },
            {
              "uuid": "0020bd46-27ca-48f6-b4be-4ec8004076a0",
              "title": "Retrieve Blog Testing",
              "fullFile": "D:\\project\\Backend_Tumblr-4u-main\\test\\test.js",
              "file": "\\test\\test.js",
              "beforeHooks": [],
              "afterHooks": [],
              "tests": [
                {
                  "title": "should retrieve all the blog info given its name",
                  "fullTitle": "UserBlog Methodes testing Retrieve Blog Testing should retrieve all the blog info given its name",
                  "timedOut": false,
                  "duration": 142,
                  "state": "passed",
                  "speed": "slow",
                  "pass": true,
                  "fail": false,
                  "pending": false,
                  "context": null,
                  "code": "const req = {\n  params: {\n    blogName: 'nour',\n  },\n};\nretrieveBlog(req.params.blogName).then((res) => {\n  expect(res).to.be.a('object');\n  done();\n}).catch(done);",
                  "err": {},
                  "uuid": "ea3450d0-0cd4-430f-91de-c303bedf6e40",
                  "parentUUID": "0020bd46-27ca-48f6-b4be-4ec8004076a0",
                  "isHook": false,
                  "skipped": false
                },
                {
                  "title": "should return null as there is no blog with the given name",
                  "fullTitle": "UserBlog Methodes testing Retrieve Blog Testing should return null as there is no blog with the given name",
                  "timedOut": false,
                  "duration": 140,
                  "state": "passed",
                  "speed": "slow",
                  "pass": true,
                  "fail": false,
                  "pending": false,
                  "context": null,
                  "code": "const req = {\n  params: {\n    blogName: 'nour123',\n  },\n};\nretrieveBlog(req.params.blogName).then((res) => {\n  expect(res).to.be.eq(null);\n  done();\n}).catch(done);",
                  "err": {},
                  "uuid": "b866a333-6a5d-4668-9070-ab41701b362e",
                  "parentUUID": "0020bd46-27ca-48f6-b4be-4ec8004076a0",
                  "isHook": false,
                  "skipped": false
                }
              ],
              "suites": [],
              "passes": [
                "ea3450d0-0cd4-430f-91de-c303bedf6e40",
                "b866a333-6a5d-4668-9070-ab41701b362e"
              ],
              "failures": [],
              "pending": [],
              "skipped": [],
              "duration": 282,
              "root": false,
              "rootEmpty": false,
              "_timeout": 100000
            },
            {
              "uuid": "f22a981a-971f-40ec-9ba9-609256cf13e9",
              "title": "Edit Blog Testing",
              "fullFile": "D:\\project\\Backend_Tumblr-4u-main\\test\\test.js",
              "file": "\\test\\test.js",
              "beforeHooks": [],
              "afterHooks": [],
              "tests": [
                {
                  "title": "should edit the blog and return object",
                  "fullTitle": "UserBlog Methodes testing Edit Blog Testing should edit the blog and return object",
                  "timedOut": false,
                  "duration": 156,
                  "state": "passed",
                  "speed": "slow",
                  "pass": true,
                  "fail": false,
                  "pending": false,
                  "context": null,
                  "code": "const req={\n  params: {\n    blogId: '61b33c94c4bab40beeb82b6f',\n  },\n  body: {\n    title: 'noor',\n    avatar: 'avatar.jpg',\n    accent: 'red',\n    description: 'This is my Blog',\n  },\n};\neditBlog(req).then((res) => {\n  expect(res).to.be.a('object');\n  done();\n}).catch(done);",
                  "err": {},
                  "uuid": "17950799-d18e-4779-a124-bb388e072d54",
                  "parentUUID": "f22a981a-971f-40ec-9ba9-609256cf13e9",
                  "isHook": false,
                  "skipped": false
                },
                {
                  "title": "should return a message as there is another blog with that name",
                  "fullTitle": "UserBlog Methodes testing Edit Blog Testing should return a message as there is another blog with that name",
                  "timedOut": false,
                  "duration": 291,
                  "state": "passed",
                  "speed": "slow",
                  "pass": true,
                  "fail": false,
                  "pending": false,
                  "context": null,
                  "code": "const req={\n  params: {\n    blogId: '61b33c94c4bab40beeb82b6f',\n  },\n  body: {\n    name: 'nour',\n  },\n};\neditBlog(req).then((res) => {\n  expect(res).to.be.eq('URL is not available');\n  done();\n}).catch(done);",
                  "err": {},
                  "uuid": "0c4d38e1-bbec-4bd2-acdb-ee3539cce6e0",
                  "parentUUID": "f22a981a-971f-40ec-9ba9-609256cf13e9",
                  "isHook": false,
                  "skipped": false
                },
                {
                  "title": "should return null as there is no a blog with the given id",
                  "fullTitle": "UserBlog Methodes testing Edit Blog Testing should return null as there is no a blog with the given id",
                  "timedOut": false,
                  "duration": 141,
                  "state": "passed",
                  "speed": "slow",
                  "pass": true,
                  "fail": false,
                  "pending": false,
                  "context": null,
                  "code": "const req={\n  params: {\n    blogId: '61b33c94c4bab40bee182b6f',\n  },\n  body: {\n    name: 'nour',\n  },\n};\neditBlog(req).then((res) => {\n  expect(res).to.be.eq(null);\n  done();\n}).catch(done);",
                  "err": {},
                  "uuid": "494b82b6-85e7-44d8-bee7-3afe32f04dc0",
                  "parentUUID": "f22a981a-971f-40ec-9ba9-609256cf13e9",
                  "isHook": false,
                  "skipped": false
                }
              ],
              "suites": [],
              "passes": [
                "17950799-d18e-4779-a124-bb388e072d54",
                "0c4d38e1-bbec-4bd2-acdb-ee3539cce6e0",
                "494b82b6-85e7-44d8-bee7-3afe32f04dc0"
              ],
              "failures": [],
              "pending": [],
              "skipped": [],
              "duration": 588,
              "root": false,
              "rootEmpty": false,
              "_timeout": 100000
            }
          ],
          "passes": [],
          "failures": [],
          "pending": [],
          "skipped": [],
          "duration": 0,
          "root": false,
          "rootEmpty": false,
          "_timeout": 100000
        }
      ],
      "passes": [],
      "failures": [],
      "pending": [],
      "skipped": [],
      "duration": 0,
      "root": true,
      "rootEmpty": true,
      "_timeout": 100000
    }
  ],
  "meta": {
    "mocha": {
      "version": "9.1.3"
    },
    "mochawesome": {
      "options": {
        "quiet": false,
        "reportFilename": "Test_Report",
        "saveHtml": true,
        "saveJson": true,
        "consoleReporter": "spec",
        "useInlineDiffs": false,
        "code": true
      },
      "version": "7.0.1"
    },
    "marge": {
      "options": {
        "reportDir": "Report",
        "reportFilename": "Test_Report"
      },
      "version": "6.0.1"
    }
  }
}