{
  "stats": {
    "suites": 3,
    "tests": 3,
    "passes": 2,
    "pending": 0,
    "failures": 1,
    "start": "2021-12-10T20:54:28.288Z",
    "end": "2021-12-10T20:54:33.259Z",
    "duration": 4971,
    "testsRegistered": 3,
    "passPercent": 66.66666666666666,
    "pendingPercent": 0,
    "other": 0,
    "hasOther": false,
    "skipped": 0,
    "hasSkipped": false
  },
  "results": [
    {
      "uuid": "80fe70ad-700b-45a8-8903-6a68176e9d99",
      "title": "",
      "fullFile": "",
      "file": "",
      "beforeHooks": [],
      "afterHooks": [],
      "tests": [],
      "suites": [
        {
          "uuid": "b06b6a45-696b-435e-b02a-f4da7308f582",
          "title": "UserBlog Methodes testing",
          "fullFile": "D:\\project\\Backend_Tumblr-4u-main\\test\\test.js",
          "file": "\\test\\test.js",
          "beforeHooks": [],
          "afterHooks": [],
          "tests": [],
          "suites": [
            {
              "uuid": "82e68898-1df0-4548-ab3d-6cfcf5751c8a",
              "title": "Create Blog Testing",
              "fullFile": "D:\\project\\Backend_Tumblr-4u-main\\test\\test.js",
              "file": "\\test\\test.js",
              "beforeHooks": [],
              "afterHooks": [],
              "tests": [
                {
                  "title": "should create a new blog",
                  "fullTitle": "UserBlog Methodes testing Create Blog Testing should create a new blog",
                  "timedOut": false,
                  "duration": 4627,
                  "state": "passed",
                  "speed": "slow",
                  "pass": true,
                  "fail": false,
                  "pending": false,
                  "context": null,
                  "code": "const req={\n  params: {\n    userId: '6196d197a31552477d437404',\n  },\n  body:\n {\n   title: 'Engineering',\n   name: 'rawaa33',\n   privacy: false,\n },\n};\ncreateBlog(req.params.userId, req.body.title, req.body.name,\n    req.body.privacy, 'password').then((res)=>{\n  expect(res).to.be.a('object');\n  expect(res.name).to.be.eq(req.body.name);\n  done();\n}).catch(done);",
                  "err": {},
                  "uuid": "b5c9e1b2-eade-476a-907d-c69ffcf41c69",
                  "parentUUID": "82e68898-1df0-4548-ab3d-6cfcf5751c8a",
                  "isHook": false,
                  "skipped": false
                },
                {
                  "title": "should return false because there is already a blog with the same name",
                  "fullTitle": "UserBlog Methodes testing Create Blog Testing should return false because there is already a blog with the same name",
                  "timedOut": false,
                  "duration": 160,
                  "state": "passed",
                  "speed": "slow",
                  "pass": true,
                  "fail": false,
                  "pending": false,
                  "context": null,
                  "code": "const req={\n  params: {\n    userId: '6196d197a31552477d437404',\n  },\n  body:\n {\n   title: 'Engineering',\n   name: 'nour22',\n   privacy: false,\n },\n};\ncreateBlog(req.params.userId, req.body.title, req.body.name,\n    req.body.privacy, 'password').then((res)=>{\n  expect(res).to.be.eq(null);\n  done();\n}).catch(done);",
                  "err": {},
                  "uuid": "49c7465f-d3b4-4ab4-afae-fe8eaa94c92f",
                  "parentUUID": "82e68898-1df0-4548-ab3d-6cfcf5751c8a",
                  "isHook": false,
                  "skipped": false
                }
              ],
              "suites": [],
              "passes": [
                "b5c9e1b2-eade-476a-907d-c69ffcf41c69",
                "49c7465f-d3b4-4ab4-afae-fe8eaa94c92f"
              ],
              "failures": [],
              "pending": [],
              "skipped": [],
              "duration": 4787,
              "root": false,
              "rootEmpty": false,
              "_timeout": 100000
            },
            {
              "uuid": "04b6d99f-00ba-4ea4-8915-6f4ac1fcbc97",
              "title": "Delete Blog Testing",
              "fullFile": "D:\\project\\Backend_Tumblr-4u-main\\test\\test.js",
              "file": "\\test\\test.js",
              "beforeHooks": [],
              "afterHooks": [],
              "tests": [
                {
                  "title": "should delete the blog",
                  "fullTitle": "UserBlog Methodes testing Delete Blog Testing should delete the blog",
                  "timedOut": false,
                  "duration": 152,
                  "state": "failed",
                  "speed": null,
                  "pass": false,
                  "fail": true,
                  "pending": false,
                  "context": null,
                  "code": "const req={\n  params: {\n    userId: '6196d197a31552477d437404',\n  },\n  body:\n   {\n     blogId: '61b3ba3d39ef6cd7052287a2',\n   },\n};\ndeleteBlog(req.params.userId, req.body.blogId).then((res)=>{\n  expect(res).to.be.a('object');\n  expect(res.blogId).to.be.eq(req.body.blogId);\n  done();\n}).catch(done);",
                  "err": {
                    "message": "AssertionError: expected null to be an object",
                    "estack": "AssertionError: expected null to be an object\n    at D:\\project\\Backend_Tumblr-4u-main\\test\\test.js:68:27\n    at processTicksAndRejections (node:internal/process/task_queues:96:5)",
                    "diff": null
                  },
                  "uuid": "d91a6193-bc55-4e5a-a9e6-a7a2227a5ce7",
                  "parentUUID": "04b6d99f-00ba-4ea4-8915-6f4ac1fcbc97",
                  "isHook": false,
                  "skipped": false
                }
              ],
              "suites": [],
              "passes": [],
              "failures": [
                "d91a6193-bc55-4e5a-a9e6-a7a2227a5ce7"
              ],
              "pending": [],
              "skipped": [],
              "duration": 152,
              "root": false,
              "rootEmpty": false,
              "_timeout": 100000
            }
          ],
          "passes": [],
          "failures": [],
          "pending": [],
          "skipped": [],
          "duration": 0,
          "root": false,
          "rootEmpty": false,
          "_timeout": 100000
        }
      ],
      "passes": [],
      "failures": [],
      "pending": [],
      "skipped": [],
      "duration": 0,
      "root": true,
      "rootEmpty": true,
      "_timeout": 100000
    }
  ],
  "meta": {
    "mocha": {
      "version": "9.1.3"
    },
    "mochawesome": {
      "options": {
        "quiet": false,
        "reportFilename": "Test_Report",
        "saveHtml": true,
        "saveJson": true,
        "consoleReporter": "spec",
        "useInlineDiffs": false,
        "code": true
      },
      "version": "7.0.1"
    },
    "marge": {
      "options": {
        "reportDir": "Report",
        "reportFilename": "Test_Report"
      },
      "version": "6.0.1"
    }
  }
}