{
  "stats": {
    "suites": 5,
    "tests": 4,
    "passes": 4,
    "pending": 0,
    "failures": 0,
    "start": "2021-12-06T22:02:33.312Z",
    "end": "2021-12-06T22:02:37.198Z",
    "duration": 3886,
    "testsRegistered": 4,
    "passPercent": 100,
    "pendingPercent": 0,
    "other": 0,
    "hasOther": false,
    "skipped": 0,
    "hasSkipped": false
  },
  "results": [
    {
      "uuid": "49255d08-be4b-426d-92ab-3d0002dd6986",
      "title": "",
      "fullFile": "",
      "file": "",
      "beforeHooks": [],
      "afterHooks": [],
      "tests": [],
      "suites": [
        {
          "uuid": "2b013c57-5b5a-489f-99dc-3bc94a3a07ce",
          "title": "Post APIs",
          "fullFile": "D:\\AbeerD\\College\\third year\\SW Engineering\\Backend_Tumblr-4u\\node.js-main\\test\\postTest.js",
          "file": "\\test\\postTest.js",
          "beforeHooks": [],
          "afterHooks": [],
          "tests": [],
          "suites": [
            {
              "uuid": "f3494003-5f83-4223-b578-a4ed16703201",
              "title": "Don't Post Blog Post",
              "fullFile": "D:\\AbeerD\\College\\third year\\SW Engineering\\Backend_Tumblr-4u\\node.js-main\\test\\postTest.js",
              "file": "\\test\\postTest.js",
              "beforeHooks": [],
              "afterHooks": [],
              "tests": [
                {
                  "title": "It Should Not Create New Post Because Blog Doesn't Exist",
                  "fullTitle": "Post APIs Don't Post Blog Post It Should Not Create New Post Because Blog Doesn't Exist",
                  "timedOut": false,
                  "duration": 3243,
                  "state": "passed",
                  "speed": "slow",
                  "pass": true,
                  "fail": false,
                  "pending": false,
                  "context": null,
                  "code": "const blogPost = {\n  postHtml: '</>',\n  type: 'video',\n  state: 'published',\n  tags: 'engineering'\n};\nchai.request(server)\n    .post('/61968c974f161173940ea9ca/posts/create_post')  //no blog with this id\n    .send(blogPost)\n    .end((err, res) => {\n      res.should.have.status(400);\n      res.body.should.be.eq('Blog Not Found (<:>)');\n      done();\n    });",
                  "err": {},
                  "uuid": "1a5ec044-d121-444d-81aa-e1322b660085",
                  "parentUUID": "f3494003-5f83-4223-b578-a4ed16703201",
                  "isHook": false,
                  "skipped": false
                }
              ],
              "suites": [
                {
                  "uuid": "309a9023-9499-4be9-88e9-333aa82b1605",
                  "title": "Create Post Internal Server Error",
                  "fullFile": "D:\\AbeerD\\College\\third year\\SW Engineering\\Backend_Tumblr-4u\\node.js-main\\test\\postTest.js",
                  "file": "\\test\\postTest.js",
                  "beforeHooks": [],
                  "afterHooks": [],
                  "tests": [
                    {
                      "title": "It Should Not Create New Post Due To Server Error",
                      "fullTitle": "Post APIs Don't Post Blog Post Create Post Internal Server Error It Should Not Create New Post Due To Server Error",
                      "timedOut": false,
                      "duration": 8,
                      "state": "passed",
                      "speed": "fast",
                      "pass": true,
                      "fail": false,
                      "pending": false,
                      "context": null,
                      "code": "const blogPost = {\n  postHtml: '</>',\n  type: 'video',\n  state: 'published',\n  tags: 'engineering'\n};\n    \nchai.request(server)\n    .post('/1/posts/create_post')  //no blog with this id\n    .send(blogPost)\n    .end((err, res) => {\n      res.should.have.status(500);\n      res.body.should.be.eq('Error In Create Post Function (<:>)');\n      done();\n    });",
                      "err": {},
                      "uuid": "42a5f341-2f5d-44dc-ae3b-cb177f64aa7a",
                      "parentUUID": "309a9023-9499-4be9-88e9-333aa82b1605",
                      "isHook": false,
                      "skipped": false
                    }
                  ],
                  "suites": [],
                  "passes": [
                    "42a5f341-2f5d-44dc-ae3b-cb177f64aa7a"
                  ],
                  "failures": [],
                  "pending": [],
                  "skipped": [],
                  "duration": 8,
                  "root": false,
                  "rootEmpty": false,
                  "_timeout": 100000
                },
                {
                  "uuid": "906db746-00f0-4a52-9844-5cb023d64dbe",
                  "title": "Get Post and Show it",
                  "fullFile": "D:\\AbeerD\\College\\third year\\SW Engineering\\Backend_Tumblr-4u\\node.js-main\\test\\postTest.js",
                  "file": "\\test\\postTest.js",
                  "beforeHooks": [],
                  "afterHooks": [],
                  "tests": [
                    {
                      "title": "It Should Show Post",
                      "fullTitle": "Post APIs Don't Post Blog Post Get Post and Show it It Should Show Post",
                      "timedOut": false,
                      "duration": 155,
                      "state": "passed",
                      "speed": "slow",
                      "pass": true,
                      "fail": false,
                      "pending": false,
                      "context": null,
                      "code": "chai.request(server)\n    .get('/posts/6196df230578db004e05d179/show_post') \n    .end((err, res) => {\n      res.should.have.status(200);\n      res.body.should.be.eq('</>');\n      done();\n    });",
                      "err": {},
                      "uuid": "01727fc5-c1b5-4c56-9d86-2a8c01724cea",
                      "parentUUID": "906db746-00f0-4a52-9844-5cb023d64dbe",
                      "isHook": false,
                      "skipped": false
                    }
                  ],
                  "suites": [],
                  "passes": [
                    "01727fc5-c1b5-4c56-9d86-2a8c01724cea"
                  ],
                  "failures": [],
                  "pending": [],
                  "skipped": [],
                  "duration": 155,
                  "root": false,
                  "rootEmpty": false,
                  "_timeout": 100000
                },
                {
                  "uuid": "8f5db671-a255-4853-94ef-2345ac6dc77a",
                  "title": "Make Comment",
                  "fullFile": "D:\\AbeerD\\College\\third year\\SW Engineering\\Backend_Tumblr-4u\\node.js-main\\test\\postTest.js",
                  "file": "\\test\\postTest.js",
                  "beforeHooks": [],
                  "afterHooks": [],
                  "tests": [
                    {
                      "title": "It Should Make Comment",
                      "fullTitle": "Post APIs Don't Post Blog Post Make Comment It Should Make Comment",
                      "timedOut": false,
                      "duration": 466,
                      "state": "passed",
                      "speed": "slow",
                      "pass": true,
                      "fail": false,
                      "pending": false,
                      "context": null,
                      "code": "const comment = {\n  //commentingBlogTitle: '',\n  text: 'very good post',\n};\nchai.request(server)\n    .post('/61968c974f161173940ea9cb/61ae667d8b4d5620ce937992/comment')\n    .send(comment)\n    .end((err, res) => {\n      res.should.have.status(200);\n      res.body.should.be.eq('Comment Posted Successfully');\n      done();\n    });",
                      "err": {},
                      "uuid": "c05a78a0-269e-4abc-99a6-7f320386cfae",
                      "parentUUID": "8f5db671-a255-4853-94ef-2345ac6dc77a",
                      "isHook": false,
                      "skipped": false
                    }
                  ],
                  "suites": [],
                  "passes": [
                    "c05a78a0-269e-4abc-99a6-7f320386cfae"
                  ],
                  "failures": [],
                  "pending": [],
                  "skipped": [],
                  "duration": 466,
                  "root": false,
                  "rootEmpty": false,
                  "_timeout": 100000
                }
              ],
              "passes": [
                "1a5ec044-d121-444d-81aa-e1322b660085"
              ],
              "failures": [],
              "pending": [],
              "skipped": [],
              "duration": 3243,
              "root": false,
              "rootEmpty": false,
              "_timeout": 100000
            }
          ],
          "passes": [],
          "failures": [],
          "pending": [],
          "skipped": [],
          "duration": 0,
          "root": false,
          "rootEmpty": false,
          "_timeout": 100000
        }
      ],
      "passes": [],
      "failures": [],
      "pending": [],
      "skipped": [],
      "duration": 0,
      "root": true,
      "rootEmpty": true,
      "_timeout": 100000
    }
  ],
  "meta": {
    "mocha": {
      "version": "9.1.3"
    },
    "mochawesome": {
      "options": {
        "quiet": false,
        "reportFilename": "Test_Report",
        "saveHtml": true,
        "saveJson": true,
        "consoleReporter": "spec",
        "useInlineDiffs": false,
        "code": true
      },
      "version": "7.0.1"
    },
    "marge": {
      "options": {
        "reportDir": "Report",
        "reportFilename": "Test_Report"
      },
      "version": "6.0.1"
    }
  }
}