{
  "stats": {
    "suites": 2,
    "tests": 2,
    "passes": 2,
    "pending": 0,
    "failures": 0,
    "start": "2021-12-10T18:23:33.140Z",
    "end": "2021-12-10T18:23:37.091Z",
    "duration": 3951,
    "testsRegistered": 2,
    "passPercent": 100,
    "pendingPercent": 0,
    "other": 0,
    "hasOther": false,
    "skipped": 0,
    "hasSkipped": false
  },
  "results": [
    {
      "uuid": "58dee186-28eb-4832-8c90-588f8eae6b61",
      "title": "",
      "fullFile": "",
      "file": "",
      "beforeHooks": [],
      "afterHooks": [],
      "tests": [],
      "suites": [
        {
          "uuid": "18a8dff3-7cd6-4790-bcaa-80684d7b7736",
          "title": "UserBlog Methodes testing",
          "fullFile": "D:\\project\\Backend_Tumblr-4u-main\\test\\test.js",
          "file": "\\test\\test.js",
          "beforeHooks": [],
          "afterHooks": [],
          "tests": [],
          "suites": [
            {
              "uuid": "951779fe-5e23-4ef4-9764-0f668d609820",
              "title": "Create Blog Testing",
              "fullFile": "D:\\project\\Backend_Tumblr-4u-main\\test\\test.js",
              "file": "\\test\\test.js",
              "beforeHooks": [],
              "afterHooks": [],
              "tests": [
                {
                  "title": "should create a new blog",
                  "fullTitle": "UserBlog Methodes testing Create Blog Testing should create a new blog",
                  "timedOut": false,
                  "duration": 3752,
                  "state": "passed",
                  "speed": "slow",
                  "pass": true,
                  "fail": false,
                  "pending": false,
                  "context": null,
                  "code": "const req={\n  params: {\n    userId: '61b25f1b33c23d832e6f5ba9',\n  },\n  body:\n {\n   title: 'Engineering',\n   name: 'nour99',\n   privacy: false,\n },\n};\ncreateBlog(req.params.userId, req.body.title, req.body.name,\n    req.body.privacy, 'password').then((res)=>{\n  expect(res).to.be.a('object');\n  expect(res.name).to.be.eq(req.body.name);\n  done();\n}).catch(done);",
                  "err": {},
                  "uuid": "b32658c7-438e-42eb-aa05-6b36b591c19a",
                  "parentUUID": "951779fe-5e23-4ef4-9764-0f668d609820",
                  "isHook": false,
                  "skipped": false
                },
                {
                  "title": "should return false because there is already a blog with the same name",
                  "fullTitle": "UserBlog Methodes testing Create Blog Testing should return false because there is already a blog with the same name",
                  "timedOut": false,
                  "duration": 164,
                  "state": "passed",
                  "speed": "slow",
                  "pass": true,
                  "fail": false,
                  "pending": false,
                  "context": null,
                  "code": "const req={\n  params: {\n    userId: '61b25f1b33c23d832e6f5ba9',\n  },\n  body:\n       {\n         title: 'Engineering',\n         name: 'nour256',\n         privacy: false,\n       },\n};\ncreateBlog(req.params.userId, req.body.title, req.body.name,\n    req.body.privacy, 'password').then((res)=>{\n  expect(res).to.be.eq(null);\n  done();\n}).catch(done);",
                  "err": {},
                  "uuid": "0516f37b-b166-4f81-aaeb-2e256b7fa087",
                  "parentUUID": "951779fe-5e23-4ef4-9764-0f668d609820",
                  "isHook": false,
                  "skipped": false
                }
              ],
              "suites": [],
              "passes": [
                "b32658c7-438e-42eb-aa05-6b36b591c19a",
                "0516f37b-b166-4f81-aaeb-2e256b7fa087"
              ],
              "failures": [],
              "pending": [],
              "skipped": [],
              "duration": 3916,
              "root": false,
              "rootEmpty": false,
              "_timeout": 100000
            }
          ],
          "passes": [],
          "failures": [],
          "pending": [],
          "skipped": [],
          "duration": 0,
          "root": false,
          "rootEmpty": false,
          "_timeout": 100000
        }
      ],
      "passes": [],
      "failures": [],
      "pending": [],
      "skipped": [],
      "duration": 0,
      "root": true,
      "rootEmpty": true,
      "_timeout": 100000
    }
  ],
  "meta": {
    "mocha": {
      "version": "9.1.3"
    },
    "mochawesome": {
      "options": {
        "quiet": false,
        "reportFilename": "Test_Report",
        "saveHtml": true,
        "saveJson": true,
        "consoleReporter": "spec",
        "useInlineDiffs": false,
        "code": true
      },
      "version": "7.0.1"
    },
    "marge": {
      "options": {
        "reportDir": "Report",
        "reportFilename": "Test_Report"
      },
      "version": "6.0.1"
    }
  }
}