{
  "stats": {
    "suites": 3,
    "tests": 6,
    "passes": 6,
    "pending": 0,
    "failures": 0,
    "start": "2021-11-19T13:04:41.719Z",
    "end": "2021-11-19T13:04:48.828Z",
    "duration": 7109,
    "testsRegistered": 6,
    "passPercent": 100,
    "pendingPercent": 0,
    "other": 0,
    "hasOther": false,
    "skipped": 0,
    "hasSkipped": false
  },
  "results": [
    {
      "uuid": "86166880-d537-4a9e-89aa-07de953cd2ba",
      "title": "",
      "fullFile": "",
      "file": "",
      "beforeHooks": [],
      "afterHooks": [],
      "tests": [],
      "suites": [
        {
          "uuid": "ac7c2cb7-9e39-42ad-974e-6b0dd0c8233d",
          "title": "User APIs",
          "fullFile": "C:\\Users\\hp\\OneDrive\\Documents\\GitHub\\Backend_Tumblr-4u\\node.js-main\\node.js-main\\test\\userTest.js",
          "file": "\\test\\userTest.js",
          "beforeHooks": [],
          "afterHooks": [],
          "tests": [],
          "suites": [
            {
              "uuid": "e27b7779-92ce-469a-b0f0-7207c11b2902",
              "title": "User /signup",
              "fullFile": "C:\\Users\\hp\\OneDrive\\Documents\\GitHub\\Backend_Tumblr-4u\\node.js-main\\node.js-main\\test\\userTest.js",
              "file": "\\test\\userTest.js",
              "beforeHooks": [],
              "afterHooks": [],
              "tests": [
                {
                  "title": "It Should Create New User",
                  "fullTitle": "User APIs User /signup It Should Create New User",
                  "timedOut": false,
                  "duration": 5867,
                  "state": "passed",
                  "speed": "slow",
                  "pass": true,
                  "fail": false,
                  "pending": false,
                  "context": null,
                  "code": "const user = {\n    email: \"Ayman011@gmail.com\",\n    password: \"123\",\n    blogName: \"CMP-011\",\n    age: \"21\",\n    city: \"Giza\",\n    country: \"Egypt\"\n};\nchai.request(server)\n    .post(\"/signup\")\n    .send(user)\n    .end((err, response) => {\n        response.should.have.status(201);\n        response.body.should.be.a('object');\n        response.body.should.have.property('response').have.property('message').eq('Sign Up Successfully (<:>)');\n        done();\n    });",
                  "err": {},
                  "uuid": "f0e915a8-52ad-4fb1-b811-fb28bc83086e",
                  "parentUUID": "e27b7779-92ce-469a-b0f0-7207c11b2902",
                  "isHook": false,
                  "skipped": false
                },
                {
                  "title": "It Should Return Email is Already Exists",
                  "fullTitle": "User APIs User /signup It Should Return Email is Already Exists",
                  "timedOut": false,
                  "duration": 331,
                  "state": "passed",
                  "speed": "slow",
                  "pass": true,
                  "fail": false,
                  "pending": false,
                  "context": null,
                  "code": "const user = {\n    email: \"ahmed@gmail.com\",\n    password: \"123\",\n    blogName: \"CMP-100\",\n    age: \"21\",\n    city: \"Giza\",\n    country: \"Egypt\"\n};\nchai.request(server)\n    .post(\"/SignUp\")\n    .send(user)\n    .end((err, response) => {\n        response.should.have.status(400);\n        response.body.should.be.a('object');\n        response.body.should.have.property('response').have.property('error').eq('Email is Already Exists (<:>)');\n        done();\n    });",
                  "err": {},
                  "uuid": "c92b9a14-96dc-4f22-a40f-af403f04b888",
                  "parentUUID": "e27b7779-92ce-469a-b0f0-7207c11b2902",
                  "isHook": false,
                  "skipped": false
                },
                {
                  "title": "It Should Return Blog Name is Already Exists (<:>)",
                  "fullTitle": "User APIs User /signup It Should Return Blog Name is Already Exists (<:>)",
                  "timedOut": false,
                  "duration": 316,
                  "state": "passed",
                  "speed": "slow",
                  "pass": true,
                  "fail": false,
                  "pending": false,
                  "context": null,
                  "code": "const user = {\n    email: \"Omr@gmail.com\",\n    password: \"123\",\n    blogName: \"CMP2023\",\n    age: \"21\",\n    city: \"Giza\",\n    country: \"Egypt\"\n};\nchai.request(server)\n    .post(\"/SignUp\")\n    .send(user)\n    .end((err, response) => {\n        response.should.have.status(400);\n        response.body.should.be.a('object');\n        response.body.should.have.property('response').have.property('error').eq('Blog Name is Already Exists (<:>)');\n        done();\n    });",
                  "err": {},
                  "uuid": "28320a83-6344-490a-a34d-b822134c846e",
                  "parentUUID": "e27b7779-92ce-469a-b0f0-7207c11b2902",
                  "isHook": false,
                  "skipped": false
                }
              ],
              "suites": [],
              "passes": [
                "f0e915a8-52ad-4fb1-b811-fb28bc83086e",
                "c92b9a14-96dc-4f22-a40f-af403f04b888",
                "28320a83-6344-490a-a34d-b822134c846e"
              ],
              "failures": [],
              "pending": [],
              "skipped": [],
              "duration": 6514,
              "root": false,
              "rootEmpty": false,
              "_timeout": 100000
            },
            {
              "uuid": "a9e37660-dd78-4719-927e-9146786a4a85",
              "title": "User /login",
              "fullFile": "C:\\Users\\hp\\OneDrive\\Documents\\GitHub\\Backend_Tumblr-4u\\node.js-main\\node.js-main\\test\\userTest.js",
              "file": "\\test\\userTest.js",
              "beforeHooks": [],
              "afterHooks": [],
              "tests": [
                {
                  "title": "It Should Login User",
                  "fullTitle": "User APIs User /login It Should Login User",
                  "timedOut": false,
                  "duration": 209,
                  "state": "passed",
                  "speed": "slow",
                  "pass": true,
                  "fail": false,
                  "pending": false,
                  "context": null,
                  "code": "const user = {\n    email: \"ahmed@gmail.com\",\n    password: \"123\",\n};\nchai.request(server)\n    .post(\"/login\")\n    .send(user)\n    .end((err, response) => {\n        response.should.have.status(200);\n        response.body.should.be.a('object');\n        response.body.should.have.property('response').have.property('message').eq('LogIn Successfully (<:>)');\n        done();\n    });",
                  "err": {},
                  "uuid": "f4e466f4-4677-449f-99a7-ebb000e0a6fe",
                  "parentUUID": "a9e37660-dd78-4719-927e-9146786a4a85",
                  "isHook": false,
                  "skipped": false
                },
                {
                  "title": "It Should Login User",
                  "fullTitle": "User APIs User /login It Should Login User",
                  "timedOut": false,
                  "duration": 186,
                  "state": "passed",
                  "speed": "slow",
                  "pass": true,
                  "fail": false,
                  "pending": false,
                  "context": null,
                  "code": "const user = {\n    email: \"ahmed@gmail.com\",\n    password: \"1234\",\n};\nchai.request(server)\n    .post(\"/login\")\n    .send(user)\n    .end((err, response) => {\n        response.should.have.status(400);\n        response.body.should.be.a('object');\n        response.body.should.have.property('response').have.property('error').eq('InCorrect Password (<:>)');\n        done();\n    });",
                  "err": {},
                  "uuid": "4a49d93b-0831-4002-8dc3-b66580eebbb0",
                  "parentUUID": "a9e37660-dd78-4719-927e-9146786a4a85",
                  "isHook": false,
                  "skipped": false
                },
                {
                  "title": "It Should Login User",
                  "fullTitle": "User APIs User /login It Should Login User",
                  "timedOut": false,
                  "duration": 162,
                  "state": "passed",
                  "speed": "slow",
                  "pass": true,
                  "fail": false,
                  "pending": false,
                  "context": null,
                  "code": "const user = {\n    email: \"Omr@gmail.com\",\n    password: \"123\",\n};\nchai.request(server)\n    .post(\"/login\")\n    .send(user)\n    .end((err, response) => {\n        response.should.have.status(400);\n        response.body.should.be.a('object');\n        response.body.should.have.property('response').have.property('error').eq('Email Is Not Found (<:>)');\n        done();\n    });",
                  "err": {},
                  "uuid": "7963920c-294c-48cb-aeac-abb574c7aa9d",
                  "parentUUID": "a9e37660-dd78-4719-927e-9146786a4a85",
                  "isHook": false,
                  "skipped": false
                }
              ],
              "suites": [],
              "passes": [
                "f4e466f4-4677-449f-99a7-ebb000e0a6fe",
                "4a49d93b-0831-4002-8dc3-b66580eebbb0",
                "7963920c-294c-48cb-aeac-abb574c7aa9d"
              ],
              "failures": [],
              "pending": [],
              "skipped": [],
              "duration": 557,
              "root": false,
              "rootEmpty": false,
              "_timeout": 100000
            }
          ],
          "passes": [],
          "failures": [],
          "pending": [],
          "skipped": [],
          "duration": 0,
          "root": false,
          "rootEmpty": false,
          "_timeout": 100000
        }
      ],
      "passes": [],
      "failures": [],
      "pending": [],
      "skipped": [],
      "duration": 0,
      "root": true,
      "rootEmpty": true,
      "_timeout": 100000
    }
  ],
  "meta": {
    "mocha": {
      "version": "9.1.3"
    },
    "mochawesome": {
      "options": {
        "quiet": false,
        "reportFilename": "Test_Report",
        "saveHtml": true,
        "saveJson": true,
        "consoleReporter": "spec",
        "useInlineDiffs": false,
        "code": true
      },
      "version": "7.0.1"
    },
    "marge": {
      "options": {
        "reportDir": "Report",
        "reportFilename": "Test_Report"
      },
      "version": "6.0.1"
    }
  }
}